<?xml version="1.0" encoding="UTF-8"?>
<!-- Generated by org.testng.reporters.JUnitReportReporter -->
<testsuite hostname="Chanda" failures="0" tests="3" name="org.iit.healthcare.patientmodule.tests.EditProfileTests" time="20.913" errors="0" timestamp="2024-02-17T08:31:18 EST" skipped="0">
  <testcase classname="org.iit.healthcare.patientmodule.tests.EditProfileTests" name="validateFName_withInvalidData" time="1.959"/>
  <system-out/>
  <testcase classname="org.iit.healthcare.patientmodule.tests.EditProfileTests" name="validateEditProfileFields_NonEditable" time="15.022"/>
  <system-out/>
  <testcase classname="org.iit.healthcare.patientmodule.tests.EditProfileTests" name="validateEditProfileTest" time="3.932"/>
  <system-out/>
</testsuite> <!-- org.iit.healthcare.patientmodule.tests.EditProfileTests -->
