<?xml version="1.0" encoding="UTF-8"?>
<!-- Generated by org.testng.reporters.JUnitReportReporter -->
<testsuite hostname="Chanda" failures="0" tests="3" name="org.iit.healthcare.patientmodule.tests.EditProfileTests" time="17.066" errors="0" timestamp="2024-02-23T23:30:49 EST" skipped="0">
  <testcase classname="org.iit.healthcare.patientmodule.tests.EditProfileTests" name="validateEditProfileTest" time="2.243"/>
  <system-out/>
  <testcase classname="org.iit.healthcare.patientmodule.tests.EditProfileTests" name="validateFName_withInvalidData" time="1.964"/>
  <system-out/>
  <testcase classname="org.iit.healthcare.patientmodule.tests.EditProfileTests" name="validateEditProfileFields_NonEditable" time="12.859"/>
  <system-out/>
</testsuite> <!-- org.iit.healthcare.patientmodule.tests.EditProfileTests -->
